build/app/intermediates/manifest_merge_blame_file/debug/manifest-merger-blame-debug-report.txt
1<?xml version="1.0" encoding="utf-8"?>
2<manifest xmlns:android="http://schemas.android.com/apk/res/android"
3    package="com.example.akuntansi_app"
4    android:versionCode="1"
5    android:versionName="1.0.0" >
6
7    <uses-sdk
8        android:minSdkVersion="21"
9        android:targetSdkVersion="28" />
10    <!--
11         Flutter needs it to communicate with the running application
12         to allow setting breakpoints, to provide hot reload, etc.
13    -->
14    <uses-permission android:name="android.permission.INTERNET" />
14-->src\main\AndroidManifest.xml:10:5-66
14-->src\main\AndroidManifest.xml:10:22-64
15    <!--
16     io.flutter.app.FlutterApplication is an android.app.Application that
17         calls FlutterMain.startInitialization(this); in its onCreate method.
18         In most cases you can leave this as-is, but you if you want to provide
19         additional functionality it is fine to subclass or reimplement
20         FlutterApplication and put your custom class here.
21    -->
22    <uses-permission android:name="android.permission.READ_EXTERNAL_STORAGE" />
22-->src\main\AndroidManifest.xml:8:5-80
22-->src\main\AndroidManifest.xml:8:22-77
23    <uses-permission android:name="android.permission.WRITE_EXTERNAL_STORAGE" />
23-->src\main\AndroidManifest.xml:9:5-81
23-->src\main\AndroidManifest.xml:9:22-78
24    <uses-permission android:name="android.permission.WAKE_LOCK" />
24-->[androidx.work:work-runtime:2.4.0] AndroidManifest.xml:25:5-68
24-->[androidx.work:work-runtime:2.4.0] AndroidManifest.xml:25:22-65
25    <uses-permission android:name="android.permission.ACCESS_NETWORK_STATE" />
25-->[androidx.work:work-runtime:2.4.0] AndroidManifest.xml:26:5-79
25-->[androidx.work:work-runtime:2.4.0] AndroidManifest.xml:26:22-76
26    <uses-permission android:name="android.permission.RECEIVE_BOOT_COMPLETED" />
26-->[androidx.work:work-runtime:2.4.0] AndroidManifest.xml:27:5-81
26-->[androidx.work:work-runtime:2.4.0] AndroidManifest.xml:27:22-78
27    <uses-permission android:name="android.permission.FOREGROUND_SERVICE" />
27-->[androidx.work:work-runtime:2.4.0] AndroidManifest.xml:28:5-77
27-->[androidx.work:work-runtime:2.4.0] AndroidManifest.xml:28:22-74
28
29    <application
29-->src\main\AndroidManifest.xml:11:5-50:19
30        android:name="io.flutter.app.FlutterApplication"
30-->src\main\AndroidManifest.xml:13:9-57
31        android:appComponentFactory="androidx.core.app.CoreComponentFactory"
31-->[androidx.core:core:1.3.1] AndroidManifest.xml:24:18-86
32        android:debuggable="true"
33        android:icon="@mipmap/ic_launcher"
33-->src\main\AndroidManifest.xml:15:9-43
34        android:label="akuntansi_app"
34-->src\main\AndroidManifest.xml:14:9-38
35        android:usesCleartextTraffic="true" >
35-->src\main\AndroidManifest.xml:12:9-44
36        <activity
36-->src\main\AndroidManifest.xml:16:9-44:20
37            android:name="com.example.akuntansi_app.MainActivity"
37-->src\main\AndroidManifest.xml:17:13-41
38            android:configChanges="orientation|keyboardHidden|keyboard|screenSize|smallestScreenSize|locale|layoutDirection|fontScale|screenLayout|density|uiMode"
38-->src\main\AndroidManifest.xml:20:13-163
39            android:hardwareAccelerated="true"
39-->src\main\AndroidManifest.xml:21:13-47
40            android:launchMode="singleTop"
40-->src\main\AndroidManifest.xml:18:13-43
41            android:theme="@style/LaunchTheme"
41-->src\main\AndroidManifest.xml:19:13-47
42            android:windowSoftInputMode="adjustResize" >
42-->src\main\AndroidManifest.xml:22:13-55
43
44            <!--
45                 Specifies an Android theme to apply to this Activity as soon as
46                 the Android process has started. This theme is visible to the user
47                 while the Flutter UI initializes. After that, this theme continues
48                 to determine the Window background behind the Flutter UI.
49            -->
50            <meta-data
50-->src\main\AndroidManifest.xml:27:13-30:17
51                android:name="io.flutter.embedding.android.NormalTheme"
51-->src\main\AndroidManifest.xml:28:15-70
52                android:resource="@style/NormalTheme" />
52-->src\main\AndroidManifest.xml:29:15-52
53            <!--
54                 Displays an Android View that continues showing the launch screen
55                 Drawable until Flutter paints its first frame, then this splash
56                 screen fades out. A splash screen is useful to avoid any visual
57                 gap between the end of Android's launch screen and the painting of
58                 Flutter's first frame.
59            -->
60            <meta-data
60-->src\main\AndroidManifest.xml:36:13-39:17
61                android:name="io.flutter.embedding.android.SplashScreenDrawable"
61-->src\main\AndroidManifest.xml:37:15-79
62                android:resource="@drawable/launch_background" />
62-->src\main\AndroidManifest.xml:38:15-61
63
64            <intent-filter>
64-->src\main\AndroidManifest.xml:40:13-43:29
65                <action android:name="android.intent.action.MAIN" />
65-->src\main\AndroidManifest.xml:41:17-68
65-->src\main\AndroidManifest.xml:41:25-66
66
67                <category android:name="android.intent.category.LAUNCHER" />
67-->src\main\AndroidManifest.xml:42:17-76
67-->src\main\AndroidManifest.xml:42:27-74
68            </intent-filter>
69        </activity>
70        <!--
71             Don't delete the meta-data below.
72             This is used by the Flutter tool to generate GeneratedPluginRegistrant.java
73        -->
74        <meta-data
74-->src\main\AndroidManifest.xml:47:9-49:33
75            android:name="flutterEmbedding"
75-->src\main\AndroidManifest.xml:48:13-44
76            android:value="2" />
76-->src\main\AndroidManifest.xml:49:13-30
77
78        <provider
78-->[androidx.work:work-runtime:2.4.0] AndroidManifest.xml:31:9-37:35
79            android:name="androidx.work.impl.WorkManagerInitializer"
79-->[androidx.work:work-runtime:2.4.0] AndroidManifest.xml:32:13-69
80            android:authorities="com.example.akuntansi_app.workmanager-init"
80-->[androidx.work:work-runtime:2.4.0] AndroidManifest.xml:33:13-68
81            android:directBootAware="false"
81-->[androidx.work:work-runtime:2.4.0] AndroidManifest.xml:34:13-44
82            android:exported="false"
82-->[androidx.work:work-runtime:2.4.0] AndroidManifest.xml:35:13-37
83            android:multiprocess="true" />
83-->[androidx.work:work-runtime:2.4.0] AndroidManifest.xml:36:13-40
84
85        <service
85-->[androidx.work:work-runtime:2.4.0] AndroidManifest.xml:39:9-44:35
86            android:name="androidx.work.impl.background.systemalarm.SystemAlarmService"
86-->[androidx.work:work-runtime:2.4.0] AndroidManifest.xml:40:13-88
87            android:directBootAware="false"
87-->[androidx.work:work-runtime:2.4.0] AndroidManifest.xml:41:13-44
88            android:enabled="@bool/enable_system_alarm_service_default"
88-->[androidx.work:work-runtime:2.4.0] AndroidManifest.xml:42:13-72
89            android:exported="false" />
89-->[androidx.work:work-runtime:2.4.0] AndroidManifest.xml:43:13-37
90        <service
90-->[androidx.work:work-runtime:2.4.0] AndroidManifest.xml:45:9-51:35
91            android:name="androidx.work.impl.background.systemjob.SystemJobService"
91-->[androidx.work:work-runtime:2.4.0] AndroidManifest.xml:46:13-84
92            android:directBootAware="false"
92-->[androidx.work:work-runtime:2.4.0] AndroidManifest.xml:47:13-44
93            android:enabled="@bool/enable_system_job_service_default"
93-->[androidx.work:work-runtime:2.4.0] AndroidManifest.xml:48:13-70
94            android:exported="true"
94-->[androidx.work:work-runtime:2.4.0] AndroidManifest.xml:49:13-36
95            android:permission="android.permission.BIND_JOB_SERVICE" />
95-->[androidx.work:work-runtime:2.4.0] AndroidManifest.xml:50:13-69
96        <service
96-->[androidx.work:work-runtime:2.4.0] AndroidManifest.xml:52:9-57:35
97            android:name="androidx.work.impl.foreground.SystemForegroundService"
97-->[androidx.work:work-runtime:2.4.0] AndroidManifest.xml:53:13-81
98            android:directBootAware="false"
98-->[androidx.work:work-runtime:2.4.0] AndroidManifest.xml:54:13-44
99            android:enabled="@bool/enable_system_foreground_service_default"
99-->[androidx.work:work-runtime:2.4.0] AndroidManifest.xml:55:13-77
100            android:exported="false" />
100-->[androidx.work:work-runtime:2.4.0] AndroidManifest.xml:56:13-37
101
102        <receiver
102-->[androidx.work:work-runtime:2.4.0] AndroidManifest.xml:59:9-64:35
103            android:name="androidx.work.impl.utils.ForceStopRunnable$BroadcastReceiver"
103-->[androidx.work:work-runtime:2.4.0] AndroidManifest.xml:60:13-88
104            android:directBootAware="false"
104-->[androidx.work:work-runtime:2.4.0] AndroidManifest.xml:61:13-44
105            android:enabled="true"
105-->[androidx.work:work-runtime:2.4.0] AndroidManifest.xml:62:13-35
106            android:exported="false" />
106-->[androidx.work:work-runtime:2.4.0] AndroidManifest.xml:63:13-37
107        <receiver
107-->[androidx.work:work-runtime:2.4.0] AndroidManifest.xml:65:9-75:20
108            android:name="androidx.work.impl.background.systemalarm.ConstraintProxy$BatteryChargingProxy"
108-->[androidx.work:work-runtime:2.4.0] AndroidManifest.xml:66:13-106
109            android:directBootAware="false"
109-->[androidx.work:work-runtime:2.4.0] AndroidManifest.xml:67:13-44
110            android:enabled="false"
110-->[androidx.work:work-runtime:2.4.0] AndroidManifest.xml:68:13-36
111            android:exported="false" >
111-->[androidx.work:work-runtime:2.4.0] AndroidManifest.xml:69:13-37
112            <intent-filter>
112-->[androidx.work:work-runtime:2.4.0] AndroidManifest.xml:71:13-74:29
113                <action android:name="android.intent.action.ACTION_POWER_CONNECTED" />
113-->[androidx.work:work-runtime:2.4.0] AndroidManifest.xml:72:17-87
113-->[androidx.work:work-runtime:2.4.0] AndroidManifest.xml:72:25-84
114                <action android:name="android.intent.action.ACTION_POWER_DISCONNECTED" />
114-->[androidx.work:work-runtime:2.4.0] AndroidManifest.xml:73:17-90
114-->[androidx.work:work-runtime:2.4.0] AndroidManifest.xml:73:25-87
115            </intent-filter>
116        </receiver>
117        <receiver
117-->[androidx.work:work-runtime:2.4.0] AndroidManifest.xml:76:9-86:20
118            android:name="androidx.work.impl.background.systemalarm.ConstraintProxy$BatteryNotLowProxy"
118-->[androidx.work:work-runtime:2.4.0] AndroidManifest.xml:77:13-104
119            android:directBootAware="false"
119-->[androidx.work:work-runtime:2.4.0] AndroidManifest.xml:78:13-44
120            android:enabled="false"
120-->[androidx.work:work-runtime:2.4.0] AndroidManifest.xml:79:13-36
121            android:exported="false" >
121-->[androidx.work:work-runtime:2.4.0] AndroidManifest.xml:80:13-37
122            <intent-filter>
122-->[androidx.work:work-runtime:2.4.0] AndroidManifest.xml:82:13-85:29
123                <action android:name="android.intent.action.BATTERY_OKAY" />
123-->[androidx.work:work-runtime:2.4.0] AndroidManifest.xml:83:17-77
123-->[androidx.work:work-runtime:2.4.0] AndroidManifest.xml:83:25-74
124                <action android:name="android.intent.action.BATTERY_LOW" />
124-->[androidx.work:work-runtime:2.4.0] AndroidManifest.xml:84:17-76
124-->[androidx.work:work-runtime:2.4.0] AndroidManifest.xml:84:25-73
125            </intent-filter>
126        </receiver>
127        <receiver
127-->[androidx.work:work-runtime:2.4.0] AndroidManifest.xml:87:9-97:20
128            android:name="androidx.work.impl.background.systemalarm.ConstraintProxy$StorageNotLowProxy"
128-->[androidx.work:work-runtime:2.4.0] AndroidManifest.xml:88:13-104
129            android:directBootAware="false"
129-->[androidx.work:work-runtime:2.4.0] AndroidManifest.xml:89:13-44
130            android:enabled="false"
130-->[androidx.work:work-runtime:2.4.0] AndroidManifest.xml:90:13-36
131            android:exported="false" >
131-->[androidx.work:work-runtime:2.4.0] AndroidManifest.xml:91:13-37
132            <intent-filter>
132-->[androidx.work:work-runtime:2.4.0] AndroidManifest.xml:93:13-96:29
133                <action android:name="android.intent.action.DEVICE_STORAGE_LOW" />
133-->[androidx.work:work-runtime:2.4.0] AndroidManifest.xml:94:17-83
133-->[androidx.work:work-runtime:2.4.0] AndroidManifest.xml:94:25-80
134                <action android:name="android.intent.action.DEVICE_STORAGE_OK" />
134-->[androidx.work:work-runtime:2.4.0] AndroidManifest.xml:95:17-82
134-->[androidx.work:work-runtime:2.4.0] AndroidManifest.xml:95:25-79
135            </intent-filter>
136        </receiver>
137        <receiver
137-->[androidx.work:work-runtime:2.4.0] AndroidManifest.xml:98:9-107:20
138            android:name="androidx.work.impl.background.systemalarm.ConstraintProxy$NetworkStateProxy"
138-->[androidx.work:work-runtime:2.4.0] AndroidManifest.xml:99:13-103
139            android:directBootAware="false"
139-->[androidx.work:work-runtime:2.4.0] AndroidManifest.xml:100:13-44
140            android:enabled="false"
140-->[androidx.work:work-runtime:2.4.0] AndroidManifest.xml:101:13-36
141            android:exported="false" >
141-->[androidx.work:work-runtime:2.4.0] AndroidManifest.xml:102:13-37
142            <intent-filter>
142-->[androidx.work:work-runtime:2.4.0] AndroidManifest.xml:104:13-106:29
143                <action android:name="android.net.conn.CONNECTIVITY_CHANGE" />
143-->[androidx.work:work-runtime:2.4.0] AndroidManifest.xml:105:17-79
143-->[androidx.work:work-runtime:2.4.0] AndroidManifest.xml:105:25-76
144            </intent-filter>
145        </receiver>
146        <receiver
146-->[androidx.work:work-runtime:2.4.0] AndroidManifest.xml:108:9-119:20
147            android:name="androidx.work.impl.background.systemalarm.RescheduleReceiver"
147-->[androidx.work:work-runtime:2.4.0] AndroidManifest.xml:109:13-88
148            android:directBootAware="false"
148-->[androidx.work:work-runtime:2.4.0] AndroidManifest.xml:110:13-44
149            android:enabled="false"
149-->[androidx.work:work-runtime:2.4.0] AndroidManifest.xml:111:13-36
150            android:exported="false" >
150-->[androidx.work:work-runtime:2.4.0] AndroidManifest.xml:112:13-37
151            <intent-filter>
151-->[androidx.work:work-runtime:2.4.0] AndroidManifest.xml:114:13-118:29
152                <action android:name="android.intent.action.BOOT_COMPLETED" />
152-->[androidx.work:work-runtime:2.4.0] AndroidManifest.xml:115:17-79
152-->[androidx.work:work-runtime:2.4.0] AndroidManifest.xml:115:25-76
153                <action android:name="android.intent.action.TIME_SET" />
153-->[androidx.work:work-runtime:2.4.0] AndroidManifest.xml:116:17-73
153-->[androidx.work:work-runtime:2.4.0] AndroidManifest.xml:116:25-70
154                <action android:name="android.intent.action.TIMEZONE_CHANGED" />
154-->[androidx.work:work-runtime:2.4.0] AndroidManifest.xml:117:17-81
154-->[androidx.work:work-runtime:2.4.0] AndroidManifest.xml:117:25-78
155            </intent-filter>
156        </receiver>
157        <receiver
157-->[androidx.work:work-runtime:2.4.0] AndroidManifest.xml:120:9-129:20
158            android:name="androidx.work.impl.background.systemalarm.ConstraintProxyUpdateReceiver"
158-->[androidx.work:work-runtime:2.4.0] AndroidManifest.xml:121:13-99
159            android:directBootAware="false"
159-->[androidx.work:work-runtime:2.4.0] AndroidManifest.xml:122:13-44
160            android:enabled="@bool/enable_system_alarm_service_default"
160-->[androidx.work:work-runtime:2.4.0] AndroidManifest.xml:123:13-72
161            android:exported="false" >
161-->[androidx.work:work-runtime:2.4.0] AndroidManifest.xml:124:13-37
162            <intent-filter>
162-->[androidx.work:work-runtime:2.4.0] AndroidManifest.xml:126:13-128:29
163                <action android:name="androidx.work.impl.background.systemalarm.UpdateProxies" />
163-->[androidx.work:work-runtime:2.4.0] AndroidManifest.xml:127:17-98
163-->[androidx.work:work-runtime:2.4.0] AndroidManifest.xml:127:25-95
164            </intent-filter>
165        </receiver>
166        <receiver
166-->[androidx.work:work-runtime:2.4.0] AndroidManifest.xml:130:9-140:20
167            android:name="androidx.work.impl.diagnostics.DiagnosticsReceiver"
167-->[androidx.work:work-runtime:2.4.0] AndroidManifest.xml:131:13-78
168            android:directBootAware="false"
168-->[androidx.work:work-runtime:2.4.0] AndroidManifest.xml:132:13-44
169            android:enabled="true"
169-->[androidx.work:work-runtime:2.4.0] AndroidManifest.xml:133:13-35
170            android:exported="true"
170-->[androidx.work:work-runtime:2.4.0] AndroidManifest.xml:134:13-36
171            android:permission="android.permission.DUMP" >
171-->[androidx.work:work-runtime:2.4.0] AndroidManifest.xml:135:13-57
172            <intent-filter>
172-->[androidx.work:work-runtime:2.4.0] AndroidManifest.xml:137:13-139:29
173                <action android:name="androidx.work.diagnostics.REQUEST_DIAGNOSTICS" />
173-->[androidx.work:work-runtime:2.4.0] AndroidManifest.xml:138:17-88
173-->[androidx.work:work-runtime:2.4.0] AndroidManifest.xml:138:25-85
174            </intent-filter>
175        </receiver>
176
177        <service
177-->[androidx.room:room-runtime:2.2.5] AndroidManifest.xml:25:9-28:40
178            android:name="androidx.room.MultiInstanceInvalidationService"
178-->[androidx.room:room-runtime:2.2.5] AndroidManifest.xml:26:13-74
179            android:directBootAware="true"
179-->[androidx.room:room-runtime:2.2.5] AndroidManifest.xml:27:13-43
180            android:exported="false" />
180-->[androidx.room:room-runtime:2.2.5] AndroidManifest.xml:28:13-37
181    </application>
182
183</manifest>